<?xml version="1.0" encoding="UTF-8"?>
<!-- Generated by org.testng.reporters.JUnitReportReporter -->
<testsuite hostname="TheDurranis" failures="0" tests="1" name="com.Cucumber_Framework_Bootcamp_Q2_Tests.Runner" time="7.932" errors="0" timestamp="2024-08-29T23:18:55 EDT" skipped="0">
  <testcase classname="com.Cucumber_Framework_Bootcamp_Q2_Tests.Runner" name="runScenario" time="7.932"/>
</testsuite> <!-- com.Cucumber_Framework_Bootcamp_Q2_Tests.Runner -->
